  Main.cpp
c:\users\nora ekramy\source\repos\project1\project1\main.cpp(494): warning C4244: 'argument': conversion from 'int' to 'float', possible loss of data
c:\users\nora ekramy\source\repos\project1\project1\main.cpp(500): warning C4244: 'argument': conversion from 'int' to 'float', possible loss of data
c:\users\nora ekramy\source\repos\project1\project1\main.cpp(514): warning C4244: 'argument': conversion from 'double' to 'float', possible loss of data
c:\users\nora ekramy\source\repos\project1\project1\main.cpp(522): warning C4244: 'argument': conversion from 'double' to 'float', possible loss of data
c:\users\nora ekramy\source\repos\project1\project1\main.cpp(530): warning C4244: 'argument': conversion from 'double' to 'float', possible loss of data
c:\users\nora ekramy\source\repos\project1\project1\main.cpp(539): warning C4244: 'argument': conversion from 'double' to 'float', possible loss of data
c:\users\nora ekramy\source\repos\project1\project1\main.cpp(548): warning C4244: 'argument': conversion from 'double' to 'float', possible loss of data
c:\users\nora ekramy\source\repos\project1\project1\main.cpp(557): warning C4244: 'argument': conversion from 'double' to 'float', possible loss of data
c:\users\nora ekramy\source\repos\project1\project1\main.cpp(569): warning C4244: 'argument': conversion from 'int' to 'float', possible loss of data
c:\users\nora ekramy\source\repos\project1\project1\main.cpp(644): warning C4244: 'argument': conversion from 'int' to 'float', possible loss of data
c:\users\nora ekramy\source\repos\project1\project1\main.cpp(654): warning C4244: 'argument': conversion from 'double' to 'float', possible loss of data
c:\users\nora ekramy\source\repos\project1\project1\main.cpp(662): warning C4244: 'argument': conversion from 'double' to 'float', possible loss of data
c:\users\nora ekramy\source\repos\project1\project1\main.cpp(670): warning C4244: 'argument': conversion from 'double' to 'float', possible loss of data
c:\users\nora ekramy\source\repos\project1\project1\main.cpp(679): warning C4244: 'argument': conversion from 'double' to 'float', possible loss of data
c:\users\nora ekramy\source\repos\project1\project1\main.cpp(688): warning C4244: 'argument': conversion from 'double' to 'float', possible loss of data
c:\users\nora ekramy\source\repos\project1\project1\main.cpp(697): warning C4244: 'argument': conversion from 'double' to 'float', possible loss of data
c:\users\nora ekramy\source\repos\project1\project1\main.cpp(723): warning C4244: 'argument': conversion from 'int' to 'float', possible loss of data
c:\users\nora ekramy\source\repos\project1\project1\main.cpp(733): warning C4244: 'argument': conversion from 'double' to 'float', possible loss of data
c:\users\nora ekramy\source\repos\project1\project1\main.cpp(741): warning C4244: 'argument': conversion from 'double' to 'float', possible loss of data
c:\users\nora ekramy\source\repos\project1\project1\main.cpp(749): warning C4244: 'argument': conversion from 'double' to 'float', possible loss of data
c:\users\nora ekramy\source\repos\project1\project1\main.cpp(758): warning C4244: 'argument': conversion from 'double' to 'float', possible loss of data
c:\users\nora ekramy\source\repos\project1\project1\main.cpp(767): warning C4244: 'argument': conversion from 'double' to 'float', possible loss of data
c:\users\nora ekramy\source\repos\project1\project1\main.cpp(776): warning C4244: 'argument': conversion from 'double' to 'float', possible loss of data
c:\users\nora ekramy\source\repos\project1\project1\main.cpp(786): warning C4244: 'argument': conversion from 'int' to 'float', possible loss of data
c:\users\nora ekramy\source\repos\project1\project1\main.cpp(809): warning C4244: 'argument': conversion from 'int' to 'float', possible loss of data
c:\users\nora ekramy\source\repos\project1\project1\main.cpp(820): warning C4244: 'argument': conversion from 'double' to 'float', possible loss of data
c:\users\nora ekramy\source\repos\project1\project1\main.cpp(828): warning C4244: 'argument': conversion from 'double' to 'float', possible loss of data
c:\users\nora ekramy\source\repos\project1\project1\main.cpp(836): warning C4244: 'argument': conversion from 'double' to 'float', possible loss of data
c:\users\nora ekramy\source\repos\project1\project1\main.cpp(845): warning C4244: 'argument': conversion from 'double' to 'float', possible loss of data
c:\users\nora ekramy\source\repos\project1\project1\main.cpp(854): warning C4244: 'argument': conversion from 'double' to 'float', possible loss of data
c:\users\nora ekramy\source\repos\project1\project1\main.cpp(863): warning C4244: 'argument': conversion from 'double' to 'float', possible loss of data
c:\users\nora ekramy\source\repos\project1\project1\main.cpp(872): warning C4244: 'argument': conversion from 'int' to 'float', possible loss of data
c:\users\nora ekramy\source\repos\project1\project1\main.cpp(895): warning C4244: 'argument': conversion from 'int' to 'float', possible loss of data
c:\users\nora ekramy\source\repos\project1\project1\main.cpp(906): warning C4244: 'argument': conversion from 'double' to 'float', possible loss of data
c:\users\nora ekramy\source\repos\project1\project1\main.cpp(914): warning C4244: 'argument': conversion from 'double' to 'float', possible loss of data
c:\users\nora ekramy\source\repos\project1\project1\main.cpp(922): warning C4244: 'argument': conversion from 'double' to 'float', possible loss of data
c:\users\nora ekramy\source\repos\project1\project1\main.cpp(931): warning C4244: 'argument': conversion from 'double' to 'float', possible loss of data
c:\users\nora ekramy\source\repos\project1\project1\main.cpp(940): warning C4244: 'argument': conversion from 'double' to 'float', possible loss of data
c:\users\nora ekramy\source\repos\project1\project1\main.cpp(949): warning C4244: 'argument': conversion from 'double' to 'float', possible loss of data
c:\users\nora ekramy\source\repos\project1\project1\main.cpp(1070): warning C4244: 'argument': conversion from 'int' to 'float', possible loss of data
c:\users\nora ekramy\source\repos\project1\project1\main.cpp(1073): warning C4244: 'argument': conversion from 'int' to 'float', possible loss of data
c:\users\nora ekramy\source\repos\project1\project1\main.cpp(1090): warning C4244: 'argument': conversion from 'int' to 'T', possible loss of data
          with
          [
              T=float
          ]
c:\users\nora ekramy\source\repos\project1\project1\main.cpp(1092): warning C4244: 'argument': conversion from 'int' to 'float', possible loss of data
c:\users\nora ekramy\source\repos\project1\project1\main.cpp(1093): warning C4305: 'argument': truncation from 'int' to 'sf::Uint8'
c:\users\nora ekramy\source\repos\project1\project1\main.cpp(1093): warning C4309: 'argument': truncation of constant value
c:\users\nora ekramy\source\repos\project1\project1\main.cpp(1094): warning C4244: 'argument': conversion from 'double' to 'float', possible loss of data
c:\users\nora ekramy\source\repos\project1\project1\main.cpp(1095): warning C4244: 'argument': conversion from 'double' to 'float', possible loss of data
c:\users\nora ekramy\source\repos\project1\project1\main.cpp(1097): warning C4244: 'argument': conversion from 'double' to 'float', possible loss of data
c:\users\nora ekramy\source\repos\project1\project1\main.cpp(1098): warning C4244: 'argument': conversion from 'double' to 'float', possible loss of data
c:\users\nora ekramy\source\repos\project1\project1\main.cpp(1099): warning C4244: 'argument': conversion from 'double' to 'float', possible loss of data
c:\users\nora ekramy\source\repos\project1\project1\main.cpp(1100): warning C4244: 'argument': conversion from 'double' to 'float', possible loss of data
c:\users\nora ekramy\source\repos\project1\project1\main.cpp(1136): warning C4244: 'argument': conversion from 'int' to 'float', possible loss of data
c:\users\nora ekramy\source\repos\project1\project1\main.cpp(1139): warning C4244: 'argument': conversion from 'int' to 'float', possible loss of data
c:\users\nora ekramy\source\repos\project1\project1\main.cpp(1154): warning C4244: 'argument': conversion from 'int' to 'T', possible loss of data
          with
          [
              T=float
          ]
c:\users\nora ekramy\source\repos\project1\project1\main.cpp(1156): warning C4244: 'argument': conversion from 'int' to 'float', possible loss of data
c:\users\nora ekramy\source\repos\project1\project1\main.cpp(1157): warning C4305: 'argument': truncation from 'int' to 'sf::Uint8'
c:\users\nora ekramy\source\repos\project1\project1\main.cpp(1157): warning C4309: 'argument': truncation of constant value
c:\users\nora ekramy\source\repos\project1\project1\main.cpp(1158): warning C4244: 'argument': conversion from 'double' to 'float', possible loss of data
c:\users\nora ekramy\source\repos\project1\project1\main.cpp(1159): warning C4244: 'argument': conversion from 'double' to 'float', possible loss of data
c:\users\nora ekramy\source\repos\project1\project1\main.cpp(1160): warning C4244: 'argument': conversion from 'double' to 'float', possible loss of data
c:\users\nora ekramy\source\repos\project1\project1\main.cpp(1161): warning C4244: 'argument': conversion from 'double' to 'float', possible loss of data
c:\users\nora ekramy\source\repos\project1\project1\main.cpp(1162): warning C4244: 'argument': conversion from 'double' to 'float', possible loss of data
c:\users\nora ekramy\source\repos\project1\project1\main.cpp(1163): warning C4244: 'argument': conversion from 'double' to 'float', possible loss of data
c:\users\nora ekramy\source\repos\project1\project1\main.cpp(1202): warning C4553: '==': result of expression not used; did you intend '='?
c:\users\nora ekramy\source\repos\project1\project1\main.cpp(1203): warning C4553: '==': result of expression not used; did you intend '='?
c:\users\nora ekramy\source\repos\project1\project1\main.cpp(1204): warning C4553: '==': result of expression not used; did you intend '='?
c:\users\nora ekramy\source\repos\project1\project1\main.cpp(1211): warning C4553: '==': result of expression not used; did you intend '='?
c:\users\nora ekramy\source\repos\project1\project1\main.cpp(1212): warning C4553: '==': result of expression not used; did you intend '='?
c:\users\nora ekramy\source\repos\project1\project1\main.cpp(1213): warning C4553: '==': result of expression not used; did you intend '='?
c:\users\nora ekramy\source\repos\project1\project1\main.cpp(1218): warning C4553: '==': result of expression not used; did you intend '='?
c:\users\nora ekramy\source\repos\project1\project1\main.cpp(1219): warning C4553: '==': result of expression not used; did you intend '='?
c:\users\nora ekramy\source\repos\project1\project1\main.cpp(1220): warning C4553: '==': result of expression not used; did you intend '='?
c:\users\nora ekramy\source\repos\project1\project1\main.cpp(1226): warning C4553: '==': result of expression not used; did you intend '='?
c:\users\nora ekramy\source\repos\project1\project1\main.cpp(1227): warning C4553: '==': result of expression not used; did you intend '='?
c:\users\nora ekramy\source\repos\project1\project1\main.cpp(1228): warning C4553: '==': result of expression not used; did you intend '='?
c:\users\nora ekramy\source\repos\project1\project1\main.cpp(1235): warning C4553: '==': result of expression not used; did you intend '='?
c:\users\nora ekramy\source\repos\project1\project1\main.cpp(1236): warning C4553: '==': result of expression not used; did you intend '='?
c:\users\nora ekramy\source\repos\project1\project1\main.cpp(1237): warning C4553: '==': result of expression not used; did you intend '='?
c:\users\nora ekramy\source\repos\project1\project1\main.cpp(1274): warning C4305: 'argument': truncation from 'double' to 'float'
c:\users\nora ekramy\source\repos\project1\project1\main.cpp(1275): warning C4244: 'argument': conversion from '_Ty' to 'float', possible loss of data
          with
          [
              _Ty=int
          ]
c:\users\nora ekramy\source\repos\project1\project1\main.cpp(1340): warning C4305: 'argument': truncation from 'int' to 'sf::Uint8'
c:\users\nora ekramy\source\repos\project1\project1\main.cpp(1340): warning C4309: 'argument': truncation of constant value
c:\users\nora ekramy\source\repos\project1\project1\main.cpp(1354): warning C4305: 'argument': truncation from 'double' to 'float'
c:\users\nora ekramy\source\repos\project1\project1\main.cpp(1574): warning C4244: 'argument': conversion from 'float' to 'const unsigned __int64', possible loss of data
c:\users\nora ekramy\source\repos\project1\project1\main.cpp(1579): warning C4244: 'argument': conversion from 'float' to 'const unsigned __int64', possible loss of data
c:\users\nora ekramy\source\repos\project1\project1\main.cpp(1582): warning C4244: 'argument': conversion from 'float' to 'const unsigned __int64', possible loss of data
c:\users\nora ekramy\source\repos\project1\project1\main.cpp(1583): warning C4244: 'argument': conversion from 'float' to 'const unsigned __int64', possible loss of data
c:\users\nora ekramy\source\repos\project1\project1\main.cpp(1585): warning C4244: 'argument': conversion from 'float' to 'const unsigned __int64', possible loss of data
c:\users\nora ekramy\source\repos\project1\project1\main.cpp(1585): warning C4244: '=': conversion from 'int' to 'float', possible loss of data
c:\users\nora ekramy\source\repos\project1\project1\main.cpp(1591): warning C4244: 'argument': conversion from 'float' to 'const unsigned __int64', possible loss of data
c:\users\nora ekramy\source\repos\project1\project1\main.cpp(1591): warning C4244: 'argument': conversion from 'float' to 'int', possible loss of data
c:\users\nora ekramy\source\repos\project1\project1\main.cpp(1592): warning C4244: 'argument': conversion from 'float' to 'const unsigned __int64', possible loss of data
c:\users\nora ekramy\source\repos\project1\project1\main.cpp(1592): warning C4244: 'argument': conversion from 'float' to 'int', possible loss of data
c:\users\nora ekramy\source\repos\project1\project1\main.cpp(1593): warning C4244: 'argument': conversion from 'float' to 'const unsigned __int64', possible loss of data
c:\users\nora ekramy\source\repos\project1\project1\main.cpp(1593): warning C4244: 'argument': conversion from 'float' to 'int', possible loss of data
c:\users\nora ekramy\source\repos\project1\project1\main.cpp(1594): warning C4244: 'argument': conversion from 'float' to 'const unsigned __int64', possible loss of data
c:\users\nora ekramy\source\repos\project1\project1\main.cpp(1594): warning C4244: 'argument': conversion from 'float' to 'int', possible loss of data
c:\users\nora ekramy\source\repos\project1\project1\main.cpp(1573): warning C4101: 'tmp2': unreferenced local variable
c:\users\nora ekramy\source\repos\project1\project1\main.cpp(1664): warning C4244: 'argument': conversion from 'int' to 'float', possible loss of data
c:\users\nora ekramy\source\repos\project1\project1\main.cpp(1667): warning C4244: 'argument': conversion from 'int' to 'float', possible loss of data
c:\users\nora ekramy\source\repos\project1\project1\main.cpp(1671): warning C4244: 'argument': conversion from 'int' to 'T', possible loss of data
          with
          [
              T=float
          ]
c:\users\nora ekramy\source\repos\project1\project1\main.cpp(1673): warning C4244: 'argument': conversion from 'int' to 'float', possible loss of data
c:\users\nora ekramy\source\repos\project1\project1\main.cpp(1674): warning C4305: 'argument': truncation from 'int' to 'sf::Uint8'
c:\users\nora ekramy\source\repos\project1\project1\main.cpp(1674): warning C4309: 'argument': truncation of constant value
c:\users\nora ekramy\source\repos\project1\project1\main.cpp(1688): warning C4244: 'argument': conversion from 'double' to 'float', possible loss of data
c:\users\nora ekramy\source\repos\project1\project1\main.cpp(1695): warning C4244: 'argument': conversion from 'double' to 'float', possible loss of data
c:\users\nora ekramy\source\repos\project1\project1\main.cpp(1700): warning C4305: 'argument': truncation from 'double' to 'float'
c:\users\nora ekramy\source\repos\project1\project1\main.cpp(1705): warning C4305: 'argument': truncation from 'double' to 'float'
c:\users\nora ekramy\source\repos\project1\project1\main.cpp(1710): warning C4305: 'argument': truncation from 'double' to 'float'
c:\users\nora ekramy\source\repos\project1\project1\main.cpp(1714): warning C4244: 'argument': conversion from 'double' to 'float', possible loss of data
c:\users\nora ekramy\source\repos\project1\project1\main.cpp(1769): warning C4305: 'argument': truncation from 'double' to 'float'
c:\users\nora ekramy\source\repos\project1\project1\main.cpp(1777): warning C4305: 'argument': truncation from 'double' to 'float'
c:\users\nora ekramy\source\repos\project1\project1\main.cpp(1784): warning C4305: 'argument': truncation from 'double' to 'float'
c:\users\nora ekramy\source\repos\project1\project1\main.cpp(1791): warning C4305: 'argument': truncation from 'double' to 'float'
c:\users\nora ekramy\source\repos\project1\project1\main.cpp(1798): warning C4305: 'argument': truncation from 'double' to 'float'
c:\users\nora ekramy\source\repos\project1\project1\main.cpp(1805): warning C4305: 'argument': truncation from 'double' to 'float'
c:\users\nora ekramy\source\repos\project1\project1\main.cpp(1812): warning C4305: 'argument': truncation from 'double' to 'float'
c:\users\nora ekramy\source\repos\project1\project1\main.cpp(1819): warning C4305: 'argument': truncation from 'double' to 'float'
c:\users\nora ekramy\source\repos\project1\project1\main.cpp(1825): warning C4305: 'argument': truncation from 'double' to 'float'
c:\users\nora ekramy\source\repos\project1\project1\main.cpp(1832): warning C4305: 'argument': truncation from 'double' to 'float'
c:\users\nora ekramy\source\repos\project1\project1\main.cpp(1839): warning C4305: 'argument': truncation from 'double' to 'float'
c:\users\nora ekramy\source\repos\project1\project1\main.cpp(1846): warning C4305: 'argument': truncation from 'double' to 'float'
c:\users\nora ekramy\source\repos\project1\project1\main.cpp(1853): warning C4305: 'argument': truncation from 'double' to 'float'
c:\users\nora ekramy\source\repos\project1\project1\main.cpp(1868): warning C4305: 'argument': truncation from 'double' to 'float'
c:\users\nora ekramy\source\repos\project1\project1\main.cpp(1874): warning C4305: 'argument': truncation from 'double' to 'float'
c:\users\nora ekramy\source\repos\project1\project1\main.cpp(1881): warning C4305: 'argument': truncation from 'double' to 'float'
c:\users\nora ekramy\source\repos\project1\project1\main.cpp(1888): warning C4305: 'argument': truncation from 'double' to 'float'
c:\users\nora ekramy\source\repos\project1\project1\main.cpp(1895): warning C4305: 'argument': truncation from 'double' to 'float'
c:\users\nora ekramy\source\repos\project1\project1\main.cpp(1902): warning C4305: 'argument': truncation from 'double' to 'float'
c:\users\nora ekramy\source\repos\project1\project1\main.cpp(1944): warning C4305: 'argument': truncation from 'double' to 'float'
c:\users\nora ekramy\source\repos\project1\project1\main.cpp(1950): warning C4244: 'argument': conversion from 'double' to 'float', possible loss of data
c:\users\nora ekramy\source\repos\project1\project1\main.cpp(1957): warning C4244: 'argument': conversion from 'double' to 'float', possible loss of data
c:\users\nora ekramy\source\repos\project1\project1\main.cpp(1964): warning C4244: 'argument': conversion from 'double' to 'float', possible loss of data
c:\users\nora ekramy\source\repos\project1\project1\main.cpp(1970): warning C4244: 'argument': conversion from 'double' to 'float', possible loss of data
c:\users\nora ekramy\source\repos\project1\project1\main.cpp(1976): warning C4244: 'argument': conversion from 'double' to 'float', possible loss of data
c:\users\nora ekramy\source\repos\project1\project1\main.cpp(1984): warning C4244: 'argument': conversion from 'double' to 'float', possible loss of data
c:\users\nora ekramy\source\repos\project1\project1\main.cpp(1997): warning C4305: 'argument': truncation from 'double' to 'float'
c:\users\nora ekramy\source\repos\project1\project1\main.cpp(2075): warning C4244: 'argument': conversion from 'int' to 'float', possible loss of data
c:\users\nora ekramy\source\repos\project1\project1\main.cpp(2078): warning C4244: 'argument': conversion from 'int' to 'float', possible loss of data
c:\users\nora ekramy\source\repos\project1\project1\main.cpp(2081): warning C4244: 'argument': conversion from 'int' to 'T', possible loss of data
          with
          [
              T=float
          ]
c:\users\nora ekramy\source\repos\project1\project1\main.cpp(2083): warning C4244: 'argument': conversion from 'int' to 'float', possible loss of data
c:\users\nora ekramy\source\repos\project1\project1\main.cpp(2084): warning C4305: 'argument': truncation from 'int' to 'sf::Uint8'
c:\users\nora ekramy\source\repos\project1\project1\main.cpp(2084): warning C4309: 'argument': truncation of constant value
c:\users\nora ekramy\source\repos\project1\project1\main.cpp(2174): warning C4244: 'argument': conversion from 'int' to 'float', possible loss of data
c:\users\nora ekramy\source\repos\project1\project1\main.cpp(2177): warning C4244: 'argument': conversion from 'int' to 'float', possible loss of data
c:\users\nora ekramy\source\repos\project1\project1\main.cpp(2193): warning C4244: 'argument': conversion from 'int' to 'T', possible loss of data
          with
          [
              T=float
          ]
c:\users\nora ekramy\source\repos\project1\project1\main.cpp(2195): warning C4244: 'argument': conversion from 'int' to 'float', possible loss of data
c:\users\nora ekramy\source\repos\project1\project1\main.cpp(2196): warning C4305: 'argument': truncation from 'int' to 'sf::Uint8'
c:\users\nora ekramy\source\repos\project1\project1\main.cpp(2196): warning C4309: 'argument': truncation of constant value
c:\users\nora ekramy\source\repos\project1\project1\main.cpp(2197): warning C4244: 'argument': conversion from 'double' to 'float', possible loss of data
c:\users\nora ekramy\source\repos\project1\project1\main.cpp(2198): warning C4244: 'argument': conversion from 'double' to 'float', possible loss of data
c:\users\nora ekramy\source\repos\project1\project1\main.cpp(2199): warning C4244: 'argument': conversion from 'double' to 'float', possible loss of data
c:\users\nora ekramy\source\repos\project1\project1\main.cpp(2200): warning C4244: 'argument': conversion from 'double' to 'float', possible loss of data
c:\users\nora ekramy\source\repos\project1\project1\main.cpp(2201): warning C4244: 'argument': conversion from 'double' to 'float', possible loss of data
c:\users\nora ekramy\source\repos\project1\project1\main.cpp(2202): warning C4244: 'argument': conversion from 'double' to 'float', possible loss of data
c:\users\nora ekramy\source\repos\project1\project1\main.cpp(2228): warning C4244: 'argument': conversion from 'int' to 'float', possible loss of data
c:\users\nora ekramy\source\repos\project1\project1\main.cpp(2231): warning C4244: 'argument': conversion from 'int' to 'float', possible loss of data
c:\users\nora ekramy\source\repos\project1\project1\main.cpp(2248): warning C4244: 'argument': conversion from 'int' to 'T', possible loss of data
          with
          [
              T=float
          ]
c:\users\nora ekramy\source\repos\project1\project1\main.cpp(2250): warning C4244: 'argument': conversion from 'int' to 'float', possible loss of data
c:\users\nora ekramy\source\repos\project1\project1\main.cpp(2251): warning C4305: 'argument': truncation from 'int' to 'sf::Uint8'
c:\users\nora ekramy\source\repos\project1\project1\main.cpp(2251): warning C4309: 'argument': truncation of constant value
c:\users\nora ekramy\source\repos\project1\project1\main.cpp(2252): warning C4244: 'argument': conversion from 'double' to 'float', possible loss of data
c:\users\nora ekramy\source\repos\project1\project1\main.cpp(2253): warning C4244: 'argument': conversion from 'double' to 'float', possible loss of data
c:\users\nora ekramy\source\repos\project1\project1\main.cpp(2255): warning C4244: 'argument': conversion from 'double' to 'float', possible loss of data
c:\users\nora ekramy\source\repos\project1\project1\main.cpp(2256): warning C4244: 'argument': conversion from 'double' to 'float', possible loss of data
c:\users\nora ekramy\source\repos\project1\project1\main.cpp(2257): warning C4244: 'argument': conversion from 'double' to 'float', possible loss of data
c:\users\nora ekramy\source\repos\project1\project1\main.cpp(2258): warning C4244: 'argument': conversion from 'double' to 'float', possible loss of data
c:\users\nora ekramy\source\repos\project1\project1\main.cpp(2279): warning C4244: 'argument': conversion from 'int' to 'float', possible loss of data
c:\users\nora ekramy\source\repos\project1\project1\main.cpp(2282): warning C4244: 'argument': conversion from 'int' to 'float', possible loss of data
c:\users\nora ekramy\source\repos\project1\project1\main.cpp(2297): warning C4244: 'argument': conversion from 'int' to 'T', possible loss of data
          with
          [
              T=float
          ]
c:\users\nora ekramy\source\repos\project1\project1\main.cpp(2299): warning C4244: 'argument': conversion from 'int' to 'float', possible loss of data
c:\users\nora ekramy\source\repos\project1\project1\main.cpp(2300): warning C4305: 'argument': truncation from 'int' to 'sf::Uint8'
c:\users\nora ekramy\source\repos\project1\project1\main.cpp(2300): warning C4309: 'argument': truncation of constant value
c:\users\nora ekramy\source\repos\project1\project1\main.cpp(2301): warning C4244: 'argument': conversion from 'double' to 'float', possible loss of data
c:\users\nora ekramy\source\repos\project1\project1\main.cpp(2302): warning C4244: 'argument': conversion from 'double' to 'float', possible loss of data
c:\users\nora ekramy\source\repos\project1\project1\main.cpp(2303): warning C4244: 'argument': conversion from 'double' to 'float', possible loss of data
c:\users\nora ekramy\source\repos\project1\project1\main.cpp(2304): warning C4244: 'argument': conversion from 'double' to 'float', possible loss of data
c:\users\nora ekramy\source\repos\project1\project1\main.cpp(2305): warning C4244: 'argument': conversion from 'double' to 'float', possible loss of data
c:\users\nora ekramy\source\repos\project1\project1\main.cpp(2306): warning C4244: 'argument': conversion from 'double' to 'float', possible loss of data
c:\users\nora ekramy\source\repos\project1\project1\main.cpp(2328): warning C4244: 'argument': conversion from 'int' to 'float', possible loss of data
c:\users\nora ekramy\source\repos\project1\project1\main.cpp(2331): warning C4244: 'argument': conversion from 'int' to 'float', possible loss of data
c:\users\nora ekramy\source\repos\project1\project1\main.cpp(2347): warning C4244: 'argument': conversion from 'int' to 'T', possible loss of data
          with
          [
              T=float
          ]
c:\users\nora ekramy\source\repos\project1\project1\main.cpp(2349): warning C4244: 'argument': conversion from 'int' to 'float', possible loss of data
c:\users\nora ekramy\source\repos\project1\project1\main.cpp(2350): warning C4305: 'argument': truncation from 'int' to 'sf::Uint8'
c:\users\nora ekramy\source\repos\project1\project1\main.cpp(2350): warning C4309: 'argument': truncation of constant value
c:\users\nora ekramy\source\repos\project1\project1\main.cpp(2351): warning C4244: 'argument': conversion from 'double' to 'float', possible loss of data
c:\users\nora ekramy\source\repos\project1\project1\main.cpp(2352): warning C4244: 'argument': conversion from 'double' to 'float', possible loss of data
c:\users\nora ekramy\source\repos\project1\project1\main.cpp(2353): warning C4244: 'argument': conversion from 'double' to 'float', possible loss of data
c:\users\nora ekramy\source\repos\project1\project1\main.cpp(2354): warning C4244: 'argument': conversion from 'double' to 'float', possible loss of data
c:\users\nora ekramy\source\repos\project1\project1\main.cpp(2355): warning C4244: 'argument': conversion from 'double' to 'float', possible loss of data
c:\users\nora ekramy\source\repos\project1\project1\main.cpp(2356): warning C4244: 'argument': conversion from 'double' to 'float', possible loss of data
c:\users\nora ekramy\source\repos\project1\project1\main.cpp(2379): warning C4244: 'argument': conversion from 'int' to 'float', possible loss of data
c:\users\nora ekramy\source\repos\project1\project1\main.cpp(2382): warning C4244: 'argument': conversion from 'int' to 'float', possible loss of data
c:\users\nora ekramy\source\repos\project1\project1\main.cpp(2399): warning C4244: 'argument': conversion from 'int' to 'T', possible loss of data
          with
          [
              T=float
          ]
c:\users\nora ekramy\source\repos\project1\project1\main.cpp(2401): warning C4244: 'argument': conversion from 'int' to 'float', possible loss of data
c:\users\nora ekramy\source\repos\project1\project1\main.cpp(2402): warning C4305: 'argument': truncation from 'int' to 'sf::Uint8'
c:\users\nora ekramy\source\repos\project1\project1\main.cpp(2402): warning C4309: 'argument': truncation of constant value
c:\users\nora ekramy\source\repos\project1\project1\main.cpp(2403): warning C4244: 'argument': conversion from 'double' to 'float', possible loss of data
c:\users\nora ekramy\source\repos\project1\project1\main.cpp(2404): warning C4244: 'argument': conversion from 'double' to 'float', possible loss of data
c:\users\nora ekramy\source\repos\project1\project1\main.cpp(2405): warning C4244: 'argument': conversion from 'double' to 'float', possible loss of data
c:\users\nora ekramy\source\repos\project1\project1\main.cpp(2406): warning C4244: 'argument': conversion from 'double' to 'float', possible loss of data
c:\users\nora ekramy\source\repos\project1\project1\main.cpp(2407): warning C4244: 'argument': conversion from 'double' to 'float', possible loss of data
c:\users\nora ekramy\source\repos\project1\project1\main.cpp(2408): warning C4244: 'argument': conversion from 'double' to 'float', possible loss of data
c:\users\nora ekramy\source\repos\project1\project1\main.cpp(2431): warning C4244: 'argument': conversion from 'int' to 'float', possible loss of data
c:\users\nora ekramy\source\repos\project1\project1\main.cpp(2434): warning C4244: 'argument': conversion from 'int' to 'float', possible loss of data
c:\users\nora ekramy\source\repos\project1\project1\main.cpp(2450): warning C4244: 'argument': conversion from 'int' to 'T', possible loss of data
          with
          [
              T=float
          ]
c:\users\nora ekramy\source\repos\project1\project1\main.cpp(2452): warning C4244: 'argument': conversion from 'int' to 'float', possible loss of data
c:\users\nora ekramy\source\repos\project1\project1\main.cpp(2453): warning C4305: 'argument': truncation from 'int' to 'sf::Uint8'
c:\users\nora ekramy\source\repos\project1\project1\main.cpp(2453): warning C4309: 'argument': truncation of constant value
c:\users\nora ekramy\source\repos\project1\project1\main.cpp(2454): warning C4244: 'argument': conversion from 'double' to 'float', possible loss of data
c:\users\nora ekramy\source\repos\project1\project1\main.cpp(2455): warning C4244: 'argument': conversion from 'double' to 'float', possible loss of data
c:\users\nora ekramy\source\repos\project1\project1\main.cpp(2456): warning C4244: 'argument': conversion from 'double' to 'float', possible loss of data
c:\users\nora ekramy\source\repos\project1\project1\main.cpp(2457): warning C4244: 'argument': conversion from 'double' to 'float', possible loss of data
c:\users\nora ekramy\source\repos\project1\project1\main.cpp(2458): warning C4244: 'argument': conversion from 'double' to 'float', possible loss of data
c:\users\nora ekramy\source\repos\project1\project1\main.cpp(2459): warning C4244: 'argument': conversion from 'double' to 'float', possible loss of data
c:\users\nora ekramy\source\repos\project1\project1\main.cpp(2533): warning C4244: 'argument': conversion from 'double' to 'float', possible loss of data
c:\users\nora ekramy\source\repos\project1\project1\main.cpp(2534): warning C4244: 'argument': conversion from 'double' to 'float', possible loss of data
c:\users\nora ekramy\source\repos\project1\project1\main.cpp(2535): warning C4244: 'argument': conversion from 'double' to 'float', possible loss of data
c:\users\nora ekramy\source\repos\project1\project1\main.cpp(2536): warning C4244: 'argument': conversion from 'double' to 'float', possible loss of data
c:\users\nora ekramy\source\repos\project1\project1\main.cpp(2537): warning C4244: 'argument': conversion from 'double' to 'float', possible loss of data
c:\users\nora ekramy\source\repos\project1\project1\main.cpp(2538): warning C4244: 'argument': conversion from 'double' to 'float', possible loss of data
c:\users\nora ekramy\source\repos\project1\project1\main.cpp(2722): warning C4244: 'argument': conversion from 'int' to 'float', possible loss of data
c:\users\nora ekramy\source\repos\project1\project1\main.cpp(2734): warning C4244: 'argument': conversion from 'int' to 'float', possible loss of data
c:\users\nora ekramy\source\repos\project1\project1\main.cpp(2810): warning C4244: 'argument': conversion from 'int' to 'float', possible loss of data
c:\users\nora ekramy\source\repos\project1\project1\main.cpp(2831): warning C4244: 'argument': conversion from 'int' to 'float', possible loss of data
c:\users\nora ekramy\source\repos\project1\project1\main.cpp(2832): warning C4244: 'argument': conversion from 'int' to 'float', possible loss of data
c:\users\nora ekramy\source\repos\project1\project1\main.cpp(2838): warning C4244: 'argument': conversion from 'int' to 'float', possible loss of data
c:\users\nora ekramy\source\repos\project1\project1\main.cpp(2854): warning C4244: '=': conversion from 'int' to 'T', possible loss of data
          with
          [
              T=float
          ]
c:\users\nora ekramy\source\repos\project1\project1\main.cpp(2855): warning C4244: '=': conversion from 'int' to 'T', possible loss of data
          with
          [
              T=float
          ]
c:\users\nora ekramy\source\repos\project1\project1\main.cpp(2861): warning C4244: '=': conversion from 'int' to 'T', possible loss of data
          with
          [
              T=float
          ]
c:\users\nora ekramy\source\repos\project1\project1\main.cpp(2862): warning C4244: '=': conversion from 'int' to 'T', possible loss of data
          with
          [
              T=float
          ]
c:\users\nora ekramy\source\repos\project1\project1\main.cpp(2887): warning C4244: 'argument': conversion from 'int' to 'float', possible loss of data
c:\users\nora ekramy\source\repos\project1\project1\main.cpp(2888): warning C4244: 'argument': conversion from 'int' to 'float', possible loss of data
c:\users\nora ekramy\source\repos\project1\project1\main.cpp(2894): warning C4244: 'argument': conversion from 'int' to 'float', possible loss of data
c:\users\nora ekramy\source\repos\project1\project1\main.cpp(2913): warning C4244: '=': conversion from 'int' to 'T', possible loss of data
          with
          [
              T=float
          ]
c:\users\nora ekramy\source\repos\project1\project1\main.cpp(2914): warning C4244: '=': conversion from 'int' to 'T', possible loss of data
          with
          [
              T=float
          ]
c:\users\nora ekramy\source\repos\project1\project1\main.cpp(2920): warning C4244: '=': conversion from 'int' to 'T', possible loss of data
          with
          [
              T=float
          ]
c:\users\nora ekramy\source\repos\project1\project1\main.cpp(2921): warning C4244: '=': conversion from 'int' to 'T', possible loss of data
          with
          [
              T=float
          ]
c:\users\nora ekramy\source\repos\project1\project1\main.cpp(2945): warning C4244: 'argument': conversion from 'int' to 'float', possible loss of data
c:\users\nora ekramy\source\repos\project1\project1\main.cpp(2946): warning C4244: 'argument': conversion from 'int' to 'float', possible loss of data
c:\users\nora ekramy\source\repos\project1\project1\main.cpp(2953): warning C4244: 'argument': conversion from 'int' to 'float', possible loss of data
c:\users\nora ekramy\source\repos\project1\project1\main.cpp(2972): warning C4244: '=': conversion from 'int' to 'T', possible loss of data
          with
          [
              T=float
          ]
c:\users\nora ekramy\source\repos\project1\project1\main.cpp(2973): warning C4244: '=': conversion from 'int' to 'T', possible loss of data
          with
          [
              T=float
          ]
c:\users\nora ekramy\source\repos\project1\project1\main.cpp(2979): warning C4244: '=': conversion from 'int' to 'T', possible loss of data
          with
          [
              T=float
          ]
c:\users\nora ekramy\source\repos\project1\project1\main.cpp(2980): warning C4244: '=': conversion from 'int' to 'T', possible loss of data
          with
          [
              T=float
          ]
c:\users\nora ekramy\source\repos\project1\project1\main.cpp(3004): warning C4244: 'argument': conversion from 'int' to 'float', possible loss of data
c:\users\nora ekramy\source\repos\project1\project1\main.cpp(3005): warning C4244: 'argument': conversion from 'int' to 'float', possible loss of data
c:\users\nora ekramy\source\repos\project1\project1\main.cpp(3012): warning C4244: 'argument': conversion from 'int' to 'float', possible loss of data
c:\users\nora ekramy\source\repos\project1\project1\main.cpp(3066): warning C4244: '=': conversion from 'int' to 'T', possible loss of data
          with
          [
              T=float
          ]
c:\users\nora ekramy\source\repos\project1\project1\main.cpp(3067): warning C4244: '=': conversion from 'int' to 'T', possible loss of data
          with
          [
              T=float
          ]
c:\users\nora ekramy\source\repos\project1\project1\main.cpp(3073): warning C4244: '=': conversion from 'int' to 'T', possible loss of data
          with
          [
              T=float
          ]
c:\users\nora ekramy\source\repos\project1\project1\main.cpp(3074): warning C4244: '=': conversion from 'int' to 'T', possible loss of data
          with
          [
              T=float
          ]
c:\users\nora ekramy\source\repos\project1\project1\main.cpp(3092): warning C4244: 'argument': conversion from 'int' to 'float', possible loss of data
c:\users\nora ekramy\source\repos\project1\project1\main.cpp(3110): warning C4244: '=': conversion from 'int' to 'T', possible loss of data
          with
          [
              T=float
          ]
c:\users\nora ekramy\source\repos\project1\project1\main.cpp(3111): warning C4244: '=': conversion from 'int' to 'T', possible loss of data
          with
          [
              T=float
          ]
c:\users\nora ekramy\source\repos\project1\project1\main.cpp(3117): warning C4244: '=': conversion from 'int' to 'T', possible loss of data
          with
          [
              T=float
          ]
c:\users\nora ekramy\source\repos\project1\project1\main.cpp(3118): warning C4244: '=': conversion from 'int' to 'T', possible loss of data
          with
          [
              T=float
          ]
c:\users\nora ekramy\source\repos\project1\project1\main.cpp(3135): warning C4244: 'argument': conversion from 'int' to 'float', possible loss of data
c:\users\nora ekramy\source\repos\project1\project1\main.cpp(3152): warning C4244: '=': conversion from 'int' to 'T', possible loss of data
          with
          [
              T=float
          ]
c:\users\nora ekramy\source\repos\project1\project1\main.cpp(3153): warning C4244: '=': conversion from 'int' to 'T', possible loss of data
          with
          [
              T=float
          ]
c:\users\nora ekramy\source\repos\project1\project1\main.cpp(3159): warning C4244: '=': conversion from 'int' to 'T', possible loss of data
          with
          [
              T=float
          ]
c:\users\nora ekramy\source\repos\project1\project1\main.cpp(3160): warning C4244: '=': conversion from 'int' to 'T', possible loss of data
          with
          [
              T=float
          ]
c:\users\nora ekramy\source\repos\project1\project1\main.cpp(3178): warning C4244: 'argument': conversion from 'int' to 'float', possible loss of data
  Project1.vcxproj -> C:\Users\Nora Ekramy\source\repos\Project1\x64\Debug\Project1.exe
